<?xml version="1.0" encoding="UTF-8"?>
<!-- Generated by org.testng.reporters.JUnitReportReporter -->
<testsuite skipped="0" hostname="VIKASSUM01" name="api.BaseClass" tests="2" failures="0" timestamp="26 Dec 2018 12:23:20 GMT" time="2.474" errors="0">
  <testcase name="getMethod" time="2.437" classname="api.BaseClass"/>
  <testcase name="validateResponse" time="0.037" classname="api.BaseClass"/>
</testsuite> <!-- api.BaseClass -->
